2021-03-21 10:32:37.254  INFO 9000 --- [restartedMain] o.s.b.w.embedded.tomcat.TomcatWebServer  : Tomcat initialized with port(s): 8081 (http)
2021-03-21 10:32:37.255  INFO 9000 --- [restartedMain] o.apache.catalina.core.StandardService   : Starting service [Tomcat]
2021-03-21 10:32:37.256  INFO 9000 --- [restartedMain] org.apache.catalina.core.StandardEngine  : Starting Servlet engine: [Apache Tomcat/9.0.44]
2021-03-21 10:32:37.271  INFO 9000 --- [restartedMain] o.a.c.c.C.[Tomcat].[localhost].[/]       : Initializing Spring embedded WebApplicationContext
2021-03-21 10:32:37.272  INFO 9000 --- [restartedMain] w.s.c.ServletWebServerApplicationContext : Root WebApplicationContext: initialization completed in 166 ms
2021-03-21 10:32:37.303  INFO 9000 --- [restartedMain] o.s.s.concurrent.ThreadPoolTaskExecutor  : Initializing ExecutorService 'applicationTaskExecutor'
2021-03-21 10:32:37.332  INFO 9000 --- [restartedMain] o.s.b.d.a.OptionalLiveReloadServer       : LiveReload server is running on port 35729
2021-03-21 10:32:37.341  INFO 9000 --- [restartedMain] o.s.b.w.embedded.tomcat.TomcatWebServer  : Tomcat started on port(s): 8081 (http) with context path ''
2021-03-21 10:32:37.348  WARN 9000 --- [restartedMain] com.springboot.LoggingRunner             : WARN 로그 메시지
2021-03-21 10:32:37.348 ERROR 9000 --- [restartedMain] com.springboot.LoggingRunner             : ERROR 로그 메시지
2021-03-21 10:32:37.350  INFO 9000 --- [restartedMain] .ConditionEvaluationDeltaLoggingListener : Condition evaluation unchanged
2021-03-21 10:32:47.967  INFO 9000 --- [Thread-8] o.s.s.concurrent.ThreadPoolTaskExecutor  : Shutting down ExecutorService 'applicationTaskExecutor'
2021-03-21 10:32:48.182  INFO 9000 --- [restartedMain] o.s.b.w.embedded.tomcat.TomcatWebServer  : Tomcat initialized with port(s): 8081 (http)
2021-03-21 10:32:48.183  INFO 9000 --- [restartedMain] o.apache.catalina.core.StandardService   : Starting service [Tomcat]
2021-03-21 10:32:48.183  INFO 9000 --- [restartedMain] org.apache.catalina.core.StandardEngine  : Starting Servlet engine: [Apache Tomcat/9.0.44]
2021-03-21 10:32:48.199  INFO 9000 --- [restartedMain] o.a.c.c.C.[Tomcat].[localhost].[/]       : Initializing Spring embedded WebApplicationContext
2021-03-21 10:32:48.199  INFO 9000 --- [restartedMain] w.s.c.ServletWebServerApplicationContext : Root WebApplicationContext: initialization completed in 165 ms
2021-03-21 10:32:48.224  INFO 9000 --- [restartedMain] o.s.s.concurrent.ThreadPoolTaskExecutor  : Initializing ExecutorService 'applicationTaskExecutor'
2021-03-21 10:32:48.248  INFO 9000 --- [restartedMain] o.s.b.d.a.OptionalLiveReloadServer       : LiveReload server is running on port 35729
2021-03-21 10:32:48.256  INFO 9000 --- [restartedMain] o.s.b.w.embedded.tomcat.TomcatWebServer  : Tomcat started on port(s): 8081 (http) with context path ''
2021-03-21 10:32:48.261  WARN 9000 --- [restartedMain] com.springboot.LoggingRunner             : WARN 로그 메시지
2021-03-21 10:32:48.261 ERROR 9000 --- [restartedMain] com.springboot.LoggingRunner             : ERROR 로그 메시지
2021-03-21 10:32:48.263  INFO 9000 --- [restartedMain] .ConditionEvaluationDeltaLoggingListener : Condition evaluation unchanged
2021-03-21 10:32:50.849  INFO 9000 --- [Thread-13] o.s.s.concurrent.ThreadPoolTaskExecutor  : Shutting down ExecutorService 'applicationTaskExecutor'
2021-03-21 10:32:51.024  INFO 9000 --- [restartedMain] o.s.b.w.embedded.tomcat.TomcatWebServer  : Tomcat initialized with port(s): 8081 (http)
2021-03-21 10:32:51.025  INFO 9000 --- [restartedMain] o.apache.catalina.core.StandardService   : Starting service [Tomcat]
2021-03-21 10:32:51.025  INFO 9000 --- [restartedMain] org.apache.catalina.core.StandardEngine  : Starting Servlet engine: [Apache Tomcat/9.0.44]
2021-03-21 10:32:51.037  INFO 9000 --- [restartedMain] o.a.c.c.C.[Tomcat].[localhost].[/]       : Initializing Spring embedded WebApplicationContext
2021-03-21 10:32:51.037  INFO 9000 --- [restartedMain] w.s.c.ServletWebServerApplicationContext : Root WebApplicationContext: initialization completed in 139 ms
2021-03-21 10:32:51.063  INFO 9000 --- [restartedMain] o.s.s.concurrent.ThreadPoolTaskExecutor  : Initializing ExecutorService 'applicationTaskExecutor'
2021-03-21 10:32:51.080  INFO 9000 --- [restartedMain] o.s.b.d.a.OptionalLiveReloadServer       : LiveReload server is running on port 35729
2021-03-21 10:32:51.086  INFO 9000 --- [restartedMain] o.s.b.w.embedded.tomcat.TomcatWebServer  : Tomcat started on port(s): 8081 (http) with context path ''
2021-03-21 10:32:51.092  WARN 9000 --- [restartedMain] com.springboot.LoggingRunner             : WARN 로그 메시지
2021-03-21 10:32:51.093 ERROR 9000 --- [restartedMain] com.springboot.LoggingRunner             : ERROR 로그 메시지
2021-03-21 10:32:51.093  INFO 9000 --- [restartedMain] .ConditionEvaluationDeltaLoggingListener : Condition evaluation unchanged
2021-03-21 10:32:59.725  INFO 9000 --- [Thread-18] o.s.s.concurrent.ThreadPoolTaskExecutor  : Shutting down ExecutorService 'applicationTaskExecutor'
2021-03-21 10:32:59.928  INFO 9000 --- [restartedMain] o.s.b.w.embedded.tomcat.TomcatWebServer  : Tomcat initialized with port(s): 8081 (http)
2021-03-21 10:32:59.929  INFO 9000 --- [restartedMain] o.apache.catalina.core.StandardService   : Starting service [Tomcat]
2021-03-21 10:32:59.929  INFO 9000 --- [restartedMain] org.apache.catalina.core.StandardEngine  : Starting Servlet engine: [Apache Tomcat/9.0.44]
2021-03-21 10:32:59.942  INFO 9000 --- [restartedMain] o.a.c.c.C.[Tomcat].[localhost].[/]       : Initializing Spring embedded WebApplicationContext
2021-03-21 10:32:59.943  INFO 9000 --- [restartedMain] w.s.c.ServletWebServerApplicationContext : Root WebApplicationContext: initialization completed in 156 ms
2021-03-21 10:32:59.973  INFO 9000 --- [restartedMain] o.s.s.concurrent.ThreadPoolTaskExecutor  : Initializing ExecutorService 'applicationTaskExecutor'
2021-03-21 10:32:59.996  INFO 9000 --- [restartedMain] o.s.b.d.a.OptionalLiveReloadServer       : LiveReload server is running on port 35729
2021-03-21 10:33:00.004  INFO 9000 --- [restartedMain] o.s.b.w.embedded.tomcat.TomcatWebServer  : Tomcat started on port(s): 8081 (http) with context path ''
2021-03-21 10:33:00.012  WARN 9000 --- [restartedMain] com.springboot.LoggingRunner             : WARN 로그 메시지
2021-03-21 10:33:00.012 ERROR 9000 --- [restartedMain] com.springboot.LoggingRunner             : ERROR 로그 메시지
2021-03-21 10:33:00.012  INFO 9000 --- [restartedMain] .ConditionEvaluationDeltaLoggingListener : Condition evaluation unchanged
2021-03-21 10:33:04.745  INFO 9000 --- [RMI TCP Connection(11)-127.0.0.1] inMXBeanRegistrar$SpringApplicationAdmin : Application shutdown requested.
2021-03-21 10:33:04.959  INFO 9000 --- [RMI TCP Connection(11)-127.0.0.1] o.s.s.concurrent.ThreadPoolTaskExecutor  : Shutting down ExecutorService 'applicationTaskExecutor'
2021-03-21 10:33:12.965  INFO 6636 --- [restartedMain] .e.DevToolsPropertyDefaultsPostProcessor : Devtools property defaults active! Set 'spring.devtools.add-properties' to 'false' to disable
2021-03-21 10:33:12.968  INFO 6636 --- [restartedMain] .e.DevToolsPropertyDefaultsPostProcessor : For additional web related logging consider setting the 'logging.level.web' property to 'DEBUG'
2021-03-21 10:33:13.669  INFO 6636 --- [restartedMain] o.s.b.w.embedded.tomcat.TomcatWebServer  : Tomcat initialized with port(s): 8081 (http)
2021-03-21 10:33:13.680  INFO 6636 --- [restartedMain] o.apache.catalina.core.StandardService   : Starting service [Tomcat]
2021-03-21 10:33:13.680  INFO 6636 --- [restartedMain] org.apache.catalina.core.StandardEngine  : Starting Servlet engine: [Apache Tomcat/9.0.44]
2021-03-21 10:33:13.734  INFO 6636 --- [restartedMain] o.a.c.c.C.[Tomcat].[localhost].[/]       : Initializing Spring embedded WebApplicationContext
2021-03-21 10:33:13.735  INFO 6636 --- [restartedMain] w.s.c.ServletWebServerApplicationContext : Root WebApplicationContext: initialization completed in 767 ms
2021-03-21 10:33:13.901  INFO 6636 --- [restartedMain] o.s.s.concurrent.ThreadPoolTaskExecutor  : Initializing ExecutorService 'applicationTaskExecutor'
2021-03-21 10:33:14.035  INFO 6636 --- [restartedMain] o.s.b.d.a.OptionalLiveReloadServer       : LiveReload server is running on port 35729
2021-03-21 10:33:14.061  INFO 6636 --- [restartedMain] o.s.b.w.embedded.tomcat.TomcatWebServer  : Tomcat started on port(s): 8081 (http) with context path ''
2021-03-21 10:33:14.071  WARN 6636 --- [restartedMain] com.springboot.LoggingRunner             : WARN 로그 메시지
2021-03-21 10:33:14.072 ERROR 6636 --- [restartedMain] com.springboot.LoggingRunner             : ERROR 로그 메시지
2021-03-21 10:33:18.679  INFO 6636 --- [Thread-5] o.s.s.concurrent.ThreadPoolTaskExecutor  : Shutting down ExecutorService 'applicationTaskExecutor'
2021-03-21 10:33:18.886  INFO 6636 --- [restartedMain] o.s.b.w.embedded.tomcat.TomcatWebServer  : Tomcat initialized with port(s): 8081 (http)
2021-03-21 10:33:18.887  INFO 6636 --- [restartedMain] o.apache.catalina.core.StandardService   : Starting service [Tomcat]
2021-03-21 10:33:18.887  INFO 6636 --- [restartedMain] org.apache.catalina.core.StandardEngine  : Starting Servlet engine: [Apache Tomcat/9.0.44]
2021-03-21 10:33:18.900  INFO 6636 --- [restartedMain] o.a.c.c.C.[Tomcat].[localhost].[/]       : Initializing Spring embedded WebApplicationContext
2021-03-21 10:33:18.900  INFO 6636 --- [restartedMain] w.s.c.ServletWebServerApplicationContext : Root WebApplicationContext: initialization completed in 162 ms
2021-03-21 10:33:18.932  INFO 6636 --- [restartedMain] o.s.s.concurrent.ThreadPoolTaskExecutor  : Initializing ExecutorService 'applicationTaskExecutor'
2021-03-21 10:33:18.964  INFO 6636 --- [restartedMain] o.s.b.d.a.OptionalLiveReloadServer       : LiveReload server is running on port 35729
2021-03-21 10:33:18.973  INFO 6636 --- [restartedMain] o.s.b.w.embedded.tomcat.TomcatWebServer  : Tomcat started on port(s): 8081 (http) with context path ''
2021-03-21 10:33:18.981  WARN 6636 --- [restartedMain] com.springboot.LoggingRunner             : WARN 로그 메시지
2021-03-21 10:33:18.982 ERROR 6636 --- [restartedMain] com.springboot.LoggingRunner             : ERROR 로그 메시지
2021-03-21 10:33:18.982  INFO 6636 --- [restartedMain] .ConditionEvaluationDeltaLoggingListener : Condition evaluation unchanged
2021-03-21 10:33:25.649  INFO 6636 --- [Thread-8] o.s.s.concurrent.ThreadPoolTaskExecutor  : Shutting down ExecutorService 'applicationTaskExecutor'
2021-03-21 10:33:25.822  INFO 6636 --- [restartedMain] o.s.b.w.embedded.tomcat.TomcatWebServer  : Tomcat initialized with port(s): 8081 (http)
2021-03-21 10:33:25.823  INFO 6636 --- [restartedMain] o.apache.catalina.core.StandardService   : Starting service [Tomcat]
2021-03-21 10:33:25.823  INFO 6636 --- [restartedMain] org.apache.catalina.core.StandardEngine  : Starting Servlet engine: [Apache Tomcat/9.0.44]
2021-03-21 10:33:25.837  INFO 6636 --- [restartedMain] o.a.c.c.C.[Tomcat].[localhost].[/]       : Initializing Spring embedded WebApplicationContext
2021-03-21 10:33:25.837  INFO 6636 --- [restartedMain] w.s.c.ServletWebServerApplicationContext : Root WebApplicationContext: initialization completed in 134 ms
2021-03-21 10:33:25.863  INFO 6636 --- [restartedMain] o.s.s.concurrent.ThreadPoolTaskExecutor  : Initializing ExecutorService 'applicationTaskExecutor'
2021-03-21 10:33:25.892  INFO 6636 --- [restartedMain] o.s.b.d.a.OptionalLiveReloadServer       : LiveReload server is running on port 35729
2021-03-21 10:33:25.899  INFO 6636 --- [restartedMain] o.s.b.w.embedded.tomcat.TomcatWebServer  : Tomcat started on port(s): 8081 (http) with context path ''
2021-03-21 10:33:25.905  WARN 6636 --- [restartedMain] com.springboot.LoggingRunner             : WARN 로그 메시지
2021-03-21 10:33:25.906 ERROR 6636 --- [restartedMain] com.springboot.LoggingRunner             : ERROR 로그 메시지
2021-03-21 10:33:25.907  INFO 6636 --- [restartedMain] .ConditionEvaluationDeltaLoggingListener : Condition evaluation unchanged
2021-03-21 10:33:27.514  INFO 6636 --- [Thread-13] o.s.s.concurrent.ThreadPoolTaskExecutor  : Shutting down ExecutorService 'applicationTaskExecutor'
2021-03-21 10:33:27.698  INFO 6636 --- [restartedMain] o.s.b.w.embedded.tomcat.TomcatWebServer  : Tomcat initialized with port(s): 8081 (http)
2021-03-21 10:33:27.698  INFO 6636 --- [restartedMain] o.apache.catalina.core.StandardService   : Starting service [Tomcat]
2021-03-21 10:33:27.698  INFO 6636 --- [restartedMain] org.apache.catalina.core.StandardEngine  : Starting Servlet engine: [Apache Tomcat/9.0.44]
2021-03-21 10:33:27.707  INFO 6636 --- [restartedMain] o.a.c.c.C.[Tomcat].[localhost].[/]       : Initializing Spring embedded WebApplicationContext
2021-03-21 10:33:27.707  INFO 6636 --- [restartedMain] w.s.c.ServletWebServerApplicationContext : Root WebApplicationContext: initialization completed in 147 ms
2021-03-21 10:33:27.727  INFO 6636 --- [restartedMain] o.s.s.concurrent.ThreadPoolTaskExecutor  : Initializing ExecutorService 'applicationTaskExecutor'
2021-03-21 10:33:27.744  INFO 6636 --- [restartedMain] o.s.b.d.a.OptionalLiveReloadServer       : LiveReload server is running on port 35729
2021-03-21 10:33:27.751  INFO 6636 --- [restartedMain] o.s.b.w.embedded.tomcat.TomcatWebServer  : Tomcat started on port(s): 8081 (http) with context path ''
2021-03-21 10:33:27.756  WARN 6636 --- [restartedMain] com.springboot.LoggingRunner             : WARN 로그 메시지
2021-03-21 10:33:27.757 ERROR 6636 --- [restartedMain] com.springboot.LoggingRunner             : ERROR 로그 메시지
2021-03-21 10:33:27.757  INFO 6636 --- [restartedMain] .ConditionEvaluationDeltaLoggingListener : Condition evaluation unchanged
2021-03-21 10:37:39.018  INFO 6636 --- [Thread-18] o.s.s.concurrent.ThreadPoolTaskExecutor  : Shutting down ExecutorService 'applicationTaskExecutor'
2021-03-21 10:37:39.220  INFO 6636 --- [restartedMain] o.s.b.w.embedded.tomcat.TomcatWebServer  : Tomcat initialized with port(s): 8081 (http)
2021-03-21 10:37:39.221  INFO 6636 --- [restartedMain] o.apache.catalina.core.StandardService   : Starting service [Tomcat]
2021-03-21 10:37:39.221  INFO 6636 --- [restartedMain] org.apache.catalina.core.StandardEngine  : Starting Servlet engine: [Apache Tomcat/9.0.44]
2021-03-21 10:37:39.232  INFO 6636 --- [restartedMain] o.a.c.c.C.[Tomcat].[localhost].[/]       : Initializing Spring embedded WebApplicationContext
2021-03-21 10:37:39.232  INFO 6636 --- [restartedMain] w.s.c.ServletWebServerApplicationContext : Root WebApplicationContext: initialization completed in 154 ms
2021-03-21 10:37:39.280  INFO 6636 --- [restartedMain] o.s.s.concurrent.ThreadPoolTaskExecutor  : Initializing ExecutorService 'applicationTaskExecutor'
2021-03-21 10:37:39.331  INFO 6636 --- [restartedMain] o.s.b.d.a.OptionalLiveReloadServer       : LiveReload server is running on port 35729
2021-03-21 10:37:39.348  INFO 6636 --- [restartedMain] o.s.b.w.embedded.tomcat.TomcatWebServer  : Tomcat started on port(s): 8081 (http) with context path ''
2021-03-21 10:37:39.357  WARN 6636 --- [restartedMain] com.springboot.LoggingRunner             : WARN 로그 메시지
2021-03-21 10:37:39.358 ERROR 6636 --- [restartedMain] com.springboot.LoggingRunner             : ERROR 로그 메시지
2021-03-21 10:37:39.360  INFO 6636 --- [restartedMain] .ConditionEvaluationDeltaLoggingListener : Condition evaluation unchanged
2021-03-21 10:45:59.187  INFO 6636 --- [Thread-23] o.s.s.concurrent.ThreadPoolTaskExecutor  : Shutting down ExecutorService 'applicationTaskExecutor'
2021-03-21 10:45:59.372  INFO 6636 --- [restartedMain] o.s.b.w.embedded.tomcat.TomcatWebServer  : Tomcat initialized with port(s): 8081 (http)
2021-03-21 10:45:59.373  INFO 6636 --- [restartedMain] o.apache.catalina.core.StandardService   : Starting service [Tomcat]
2021-03-21 10:45:59.373  INFO 6636 --- [restartedMain] org.apache.catalina.core.StandardEngine  : Starting Servlet engine: [Apache Tomcat/9.0.44]
2021-03-21 10:45:59.389  INFO 6636 --- [restartedMain] o.a.c.c.C.[Tomcat].[localhost].[/]       : Initializing Spring embedded WebApplicationContext
2021-03-21 10:45:59.389  INFO 6636 --- [restartedMain] w.s.c.ServletWebServerApplicationContext : Root WebApplicationContext: initialization completed in 145 ms
2021-03-21 10:45:59.425  INFO 6636 --- [restartedMain] o.s.s.concurrent.ThreadPoolTaskExecutor  : Initializing ExecutorService 'applicationTaskExecutor'
2021-03-21 10:45:59.449  INFO 6636 --- [restartedMain] o.s.b.d.a.OptionalLiveReloadServer       : LiveReload server is running on port 35729
2021-03-21 10:45:59.456  INFO 6636 --- [restartedMain] o.s.b.w.embedded.tomcat.TomcatWebServer  : Tomcat started on port(s): 8081 (http) with context path ''
2021-03-21 10:45:59.461  WARN 6636 --- [restartedMain] com.springboot.LoggingRunner             : WARN 로그 메시지
2021-03-21 10:45:59.462 ERROR 6636 --- [restartedMain] com.springboot.LoggingRunner             : ERROR 로그 메시지
2021-03-21 10:45:59.463  INFO 6636 --- [restartedMain] .ConditionEvaluationDeltaLoggingListener : Condition evaluation unchanged
2021-03-21 10:49:22.559  INFO 6636 --- [Thread-28] o.s.s.concurrent.ThreadPoolTaskExecutor  : Shutting down ExecutorService 'applicationTaskExecutor'
2021-03-21 10:49:22.761  INFO 6636 --- [restartedMain] o.s.b.w.embedded.tomcat.TomcatWebServer  : Tomcat initialized with port(s): 8081 (http)
2021-03-21 10:49:22.761  INFO 6636 --- [restartedMain] o.apache.catalina.core.StandardService   : Starting service [Tomcat]
2021-03-21 10:49:22.762  INFO 6636 --- [restartedMain] org.apache.catalina.core.StandardEngine  : Starting Servlet engine: [Apache Tomcat/9.0.44]
2021-03-21 10:49:22.779  INFO 6636 --- [restartedMain] o.a.c.c.C.[Tomcat].[localhost].[/]       : Initializing Spring embedded WebApplicationContext
2021-03-21 10:49:22.779  INFO 6636 --- [restartedMain] w.s.c.ServletWebServerApplicationContext : Root WebApplicationContext: initialization completed in 155 ms
2021-03-21 10:49:22.804  INFO 6636 --- [restartedMain] o.s.s.concurrent.ThreadPoolTaskExecutor  : Initializing ExecutorService 'applicationTaskExecutor'
2021-03-21 10:49:22.829  INFO 6636 --- [restartedMain] o.s.b.d.a.OptionalLiveReloadServer       : LiveReload server is running on port 35729
2021-03-21 10:49:22.836  INFO 6636 --- [restartedMain] o.s.b.w.embedded.tomcat.TomcatWebServer  : Tomcat started on port(s): 8081 (http) with context path ''
2021-03-21 10:49:22.842  WARN 6636 --- [restartedMain] com.springboot.LoggingRunner             : WARN 로그 메시지
2021-03-21 10:49:22.843 ERROR 6636 --- [restartedMain] com.springboot.LoggingRunner             : ERROR 로그 메시지
2021-03-21 10:49:22.844  INFO 6636 --- [restartedMain] .ConditionEvaluationDeltaLoggingListener : Condition evaluation unchanged
2021-03-21 10:49:40.471  INFO 6636 --- [Thread-33] o.s.s.concurrent.ThreadPoolTaskExecutor  : Shutting down ExecutorService 'applicationTaskExecutor'
2021-03-21 10:51:28.365  INFO 6636 --- [restartedMain] com.springboot.Chapter03Application      : Starting Chapter03Application using Java 11 on DESKTOP-JQ56L0P with PID 6636 (C:\Users\skfdk\Desktop\Project\SpringBootQuickStart\Chapter03\target\classes started by skfdk in C:\Users\skfdk\Desktop\Project\SpringBootQuickStart\Chapter03)
2021-03-21 10:51:28.365 DEBUG 6636 --- [restartedMain] com.springboot.Chapter03Application      : Running with Spring Boot v2.4.4, Spring v5.3.5
2021-03-21 10:51:28.365  INFO 6636 --- [restartedMain] com.springboot.Chapter03Application      : No active profile set, falling back to default profiles: default
2021-03-21 10:51:28.465  INFO 6636 --- [restartedMain] o.s.b.w.embedded.tomcat.TomcatWebServer  : Tomcat initialized with port(s): 8081 (http)
2021-03-21 10:51:28.465  INFO 6636 --- [restartedMain] o.apache.catalina.core.StandardService   : Starting service [Tomcat]
2021-03-21 10:51:28.466  INFO 6636 --- [restartedMain] org.apache.catalina.core.StandardEngine  : Starting Servlet engine: [Apache Tomcat/9.0.44]
2021-03-21 10:51:28.478  INFO 6636 --- [restartedMain] o.a.c.c.C.[Tomcat].[localhost].[/]       : Initializing Spring embedded WebApplicationContext
2021-03-21 10:51:28.478  INFO 6636 --- [restartedMain] w.s.c.ServletWebServerApplicationContext : Root WebApplicationContext: initialization completed in 111 ms
2021-03-21 10:51:28.498  INFO 6636 --- [restartedMain] o.s.s.concurrent.ThreadPoolTaskExecutor  : Initializing ExecutorService 'applicationTaskExecutor'
2021-03-21 10:51:28.515  INFO 6636 --- [restartedMain] o.s.b.d.a.OptionalLiveReloadServer       : LiveReload server is running on port 35729
2021-03-21 10:51:28.523  INFO 6636 --- [restartedMain] o.s.b.w.embedded.tomcat.TomcatWebServer  : Tomcat started on port(s): 8081 (http) with context path ''
2021-03-21 10:51:28.526  INFO 6636 --- [restartedMain] com.springboot.Chapter03Application      : Started Chapter03Application in 0.198 seconds (JVM running for 1096.835)
2021-03-21 10:51:28.527 DEBUG 6636 --- [restartedMain] com.springboot.LoggingRunner             : DEBUG 로그 메시지
2021-03-21 10:51:28.528  INFO 6636 --- [restartedMain] com.springboot.LoggingRunner             : INFO 로그 메시지
2021-03-21 10:51:28.528  WARN 6636 --- [restartedMain] com.springboot.LoggingRunner             : WARN 로그 메시지
2021-03-21 10:51:28.528 ERROR 6636 --- [restartedMain] com.springboot.LoggingRunner             : ERROR 로그 메시지
2021-03-21 10:51:28.529  INFO 6636 --- [restartedMain] .ConditionEvaluationDeltaLoggingListener : Condition evaluation unchanged
2021-03-21 10:52:52.506  INFO 6636 --- [RMI TCP Connection(43)-127.0.0.1] inMXBeanRegistrar$SpringApplicationAdmin : Application shutdown requested.
2021-03-21 10:52:52.722  INFO 6636 --- [RMI TCP Connection(43)-127.0.0.1] o.s.s.concurrent.ThreadPoolTaskExecutor  : Shutting down ExecutorService 'applicationTaskExecutor'
