2021:03:21 11:23:25.888 WARN  --- [main] com.springboot.LoggingRunner : WARN ë¡œê·¸ ë©”ì‹œì§€ 
2021:03:21 11:23:25.891 ERROR --- [main] com.springboot.LoggingRunner : ERROR ë¡œê·¸ ë©”ì‹œì§€ 
2021:03:21 11:23:53.282 WARN  --- [main] com.springboot.LoggingRunner : WARN ë¡œê·¸ ë©”ì‹œì§€ 
2021:03:21 11:23:53.285 ERROR --- [main] com.springboot.LoggingRunner : ERROR ë¡œê·¸ ë©”ì‹œì§€ 
2021:03:21 11:24:03.636 WARN  --- [restartedMain] com.springboot.LoggingRunner : WARN ë¡œê·¸ ë©”ì‹œì§€ 
2021:03:21 11:24:03.638 ERROR --- [restartedMain] com.springboot.LoggingRunner : ERROR ë¡œê·¸ ë©”ì‹œì§€ 
2021:03:21 11:24:12.558 WARN  --- [restartedMain] com.springboot.LoggingRunner : WARN ë¡œê·¸ ë©”ì‹œì§€ 
2021:03:21 11:24:12.562 ERROR --- [restartedMain] com.springboot.LoggingRunner : ERROR ë¡œê·¸ ë©”ì‹œì§€ 
2021:03:21 11:24:24.660 WARN  --- [restartedMain] com.springboot.LoggingRunner : WARN ë¡œê·¸ ë©”ì‹œì§€ 
2021:03:21 11:24:24.660 ERROR --- [restartedMain] com.springboot.LoggingRunner : ERROR ë¡œê·¸ ë©”ì‹œì§€ 
2021:03:21 11:24:26.478 WARN  --- [restartedMain] com.springboot.LoggingRunner : WARN ë¡œê·¸ ë©”ì‹œì§€ 
2021:03:21 11:24:26.478 ERROR --- [restartedMain] com.springboot.LoggingRunner : ERROR ë¡œê·¸ ë©”ì‹œì§€ 
2021:03:21 11:25:09.545 WARN  --- [restartedMain] com.springboot.LoggingRunner : WARN ë¡œê·¸ ë©”ì‹œì§€ 
2021:03:21 11:25:09.545 ERROR --- [restartedMain] com.springboot.LoggingRunner : ERROR ë¡œê·¸ ë©”ì‹œì§€ 
2021:03:21 11:25:11.812 WARN  --- [main] com.springboot.LoggingRunner : WARN ·Î±× ¸Þ½ÃÁö 
2021:03:21 11:25:11.816 ERROR --- [main] com.springboot.LoggingRunner : ERROR ·Î±× ¸Þ½ÃÁö 
2021:03:21 11:25:12.451 WARN  --- [main] com.springboot.LoggingRunner : WARN ·Î±× ¸Þ½ÃÁö 
2021:03:21 11:25:12.451 ERROR --- [main] com.springboot.LoggingRunner : ERROR ·Î±× ¸Þ½ÃÁö 
2021:03:21 11:25:16.366 WARN  --- [restartedMain] com.springboot.LoggingRunner : WARN ë¡œê·¸ ë©”ì‹œì§€ 
2021:03:21 11:25:16.366 ERROR --- [restartedMain] com.springboot.LoggingRunner : ERROR ë¡œê·¸ ë©”ì‹œì§€ 
